kotlin version: 2.2.21
error message: java.nio.file.NoSuchFileException: /home/gabri/dev/virtuoso-escape/build/classes/kotlin/js/main/default/linkdata/root_package/0_.knm
	at java.base/sun.nio.fs.UnixException.translateToIOException(UnixException.java:92)
	at java.base/sun.nio.fs.UnixException.rethrowAsIOException(UnixException.java:106)
	at java.base/sun.nio.fs.UnixException.rethrowAsIOException(UnixException.java:111)
	at java.base/sun.nio.fs.UnixFileSystemProvider.newFileChannel(UnixFileSystemProvider.java:213)
	at java.base/sun.nio.fs.UnixFileSystemProvider.newByteChannel(UnixFileSystemProvider.java:244)
	at java.base/java.nio.file.Files.newByteChannel(Files.java:357)
	at java.base/java.nio.file.Files.newByteChannel(Files.java:399)
	at java.base/java.nio.file.Files.readAllBytes(Files.java:2973)
	at org.jetbrains.kotlin.konan.file.File.readBytes(File.kt:140)
	at org.jetbrains.kotlin.library.impl.MetadataLibraryImpl$packageMetadata$1.invoke(KotlinLibraryImpl.kt:67)
	at org.jetbrains.kotlin.library.impl.MetadataLibraryImpl$packageMetadata$1.invoke(KotlinLibraryImpl.kt:66)
	at org.jetbrains.kotlin.library.impl.BaseLibraryAccess.inPlace(KotlinLibraryLayoutImpl.kt:49)
	at org.jetbrains.kotlin.library.impl.MetadataLibraryImpl.packageMetadata(KotlinLibraryImpl.kt:66)
	at org.jetbrains.kotlin.library.impl.KotlinLibraryImpl.packageMetadata(KotlinLibraryImpl.kt)
	at org.jetbrains.kotlin.library.metadata.SimplePackageAccessHandler.loadPackageFragment(KlibMetadataDeserializationUtils.kt:37)
	at org.jetbrains.kotlin.library.metadata.KlibMetadataDeserializedPackageFragment.ensureStorage(KlibMetadataPackageFragment.kt:45)
	at org.jetbrains.kotlin.library.metadata.KlibMetadataDeserializedPackageFragment.getProtoForNames(KlibMetadataPackageFragment.kt:38)
	at org.jetbrains.kotlin.library.metadata.KlibMetadataDeserializedPackageFragment.getProto(KlibMetadataPackageFragment.kt:54)
	at org.jetbrains.kotlin.library.metadata.KlibMetadataPackageFragment._memberScope_delegate$lambda$0(KlibMetadataPackageFragment.kt:114)
	at kotlin.SynchronizedLazyImpl.getValue(LazyJVM.kt:86)
	at org.jetbrains.kotlin.library.metadata.KlibMetadataPackageFragment.get_memberScope(KlibMetadataPackageFragment.kt:111)
	at org.jetbrains.kotlin.library.metadata.KlibMetadataPackageFragment.getMemberScope(KlibMetadataPackageFragment.kt:123)
	at org.jetbrains.kotlin.library.metadata.KlibMetadataPackageFragment.getMemberScope(KlibMetadataPackageFragment.kt:81)
	at org.jetbrains.kotlin.descriptors.impl.LazyPackageViewDescriptorImpl.memberScope$lambda$0(LazyPackageViewDescriptorImpl.kt:49)
	at org.jetbrains.kotlin.resolve.scopes.LazyScopeAdapter.lazyScope$lambda$0(LazyScopeAdapter.kt:28)
	at org.jetbrains.kotlin.storage.LockBasedStorageManager$LockBasedLazyValue.invoke(LockBasedStorageManager.java:408)
	at org.jetbrains.kotlin.storage.LockBasedStorageManager$LockBasedNotNullLazyValue.invoke(LockBasedStorageManager.java:527)
	at org.jetbrains.kotlin.resolve.scopes.LazyScopeAdapter.getWorkerScope(LazyScopeAdapter.kt:34)
	at org.jetbrains.kotlin.resolve.scopes.AbstractScopeAdapter.getContributedFunctions(AbstractScopeAdapter.kt:40)
	at org.jetbrains.kotlin.psi2ir.descriptors.SymbolFinderOverDescriptors.findFunctions(IrBuiltInsOverDescriptors.kt:698)
	at org.jetbrains.kotlin.ir.SymbolFinder.findFunctions(IrBuiltIns.kt:272)
	at org.jetbrains.kotlin.ir.backend.js.JsIntrinsics.getInternalInRootPackage(JsIntrinsics.kt:467)
	at org.jetbrains.kotlin.ir.backend.js.JsIntrinsics.<init>(JsIntrinsics.kt:164)
	at org.jetbrains.kotlin.ir.backend.js.JsIrBackendContext.<init>(JsIrBackendContext.kt:125)
	at org.jetbrains.kotlin.ir.backend.js.JsCompilerKt.compileIr(jsCompiler.kt:99)
	at org.jetbrains.kotlin.ir.backend.js.JsCompilerKt.compile(jsCompiler.kt:57)
	at org.jetbrains.kotlin.ir.backend.js.JsCompilerKt.compile$default(jsCompiler.kt:42)
	at org.jetbrains.kotlin.cli.js.Ir2JsTransformer.lowerIr(K2JsCompilerImpl.kt:86)
	at org.jetbrains.kotlin.cli.js.Ir2JsTransformer.makeJsCodeGenerator(K2JsCompilerImpl.kt:105)
	at org.jetbrains.kotlin.cli.js.Ir2JsTransformer.compileAndTransformIrNew(K2JsCompilerImpl.kt:115)
	at org.jetbrains.kotlin.cli.pipeline.web.js.JsBackendPipelinePhase.compileNonIncrementally$cli_js(JsBackendPipelinePhase.kt:124)
	at org.jetbrains.kotlin.cli.pipeline.web.js.JsBackendPipelinePhase.compileNonIncrementally(JsBackendPipelinePhase.kt:98)
	at org.jetbrains.kotlin.cli.pipeline.web.js.JsBackendPipelinePhase.compileNonIncrementally(JsBackendPipelinePhase.kt:32)
	at org.jetbrains.kotlin.cli.pipeline.web.WebBackendPipelinePhase.executePhase(WebBackendPipelinePhase.kt:121)
	at org.jetbrains.kotlin.cli.pipeline.web.WebBackendPipelinePhase.executePhase(WebBackendPipelinePhase.kt:31)
	at org.jetbrains.kotlin.cli.pipeline.PipelinePhase.phaseBody(PipelinePhase.kt:68)
	at org.jetbrains.kotlin.cli.pipeline.PipelinePhase.phaseBody(PipelinePhase.kt:58)
	at org.jetbrains.kotlin.config.phaser.NamedCompilerPhase.invoke(CompilerPhase.kt:102)
	at org.jetbrains.kotlin.backend.common.phaser.CompositePhase.invoke(PhaseBuilders.kt:22)
	at org.jetbrains.kotlin.config.phaser.CompilerPhaseKt.invokeToplevel(CompilerPhase.kt:53)
	at org.jetbrains.kotlin.cli.pipeline.AbstractCliPipeline.runPhasedPipeline(AbstractCliPipeline.kt:109)
	at org.jetbrains.kotlin.cli.pipeline.AbstractCliPipeline.execute(AbstractCliPipeline.kt:68)
	at org.jetbrains.kotlin.cli.js.K2JSCompiler.doExecutePhased(K2JSCompiler.kt:66)
	at org.jetbrains.kotlin.cli.js.K2JSCompiler.doExecutePhased(K2JSCompiler.kt:53)
	at org.jetbrains.kotlin.cli.common.CLICompiler.execImpl(CLICompiler.kt:90)
	at org.jetbrains.kotlin.cli.common.CLICompiler.exec(CLICompiler.kt:352)
	at org.jetbrains.kotlin.daemon.CompileServiceImpl.compile(CompileServiceImpl.kt:1706)
	at java.base/jdk.internal.reflect.DirectMethodHandleAccessor.invoke(DirectMethodHandleAccessor.java:104)
	at java.base/java.lang.reflect.Method.invoke(Method.java:565)
	at java.rmi/sun.rmi.server.UnicastServerRef.dispatch(UnicastServerRef.java:351)
	at java.rmi/sun.rmi.transport.Transport.serviceCall(Transport.java:166)
	at java.rmi/sun.rmi.transport.tcp.TCPTransport.handleMessages(TCPTransport.java:543)
	at java.rmi/sun.rmi.transport.tcp.TCPTransport$ConnectionHandler.run0(TCPTransport.java:744)
	at java.rmi/sun.rmi.transport.tcp.TCPTransport$ConnectionHandler.run(TCPTransport.java:623)
	at java.base/java.util.concurrent.ThreadPoolExecutor.runWorker(ThreadPoolExecutor.java:1090)
	at java.base/java.util.concurrent.ThreadPoolExecutor$Worker.run(ThreadPoolExecutor.java:614)
	at java.base/java.lang.Thread.run(Thread.java:1474)


